<?xml version="1.0" encoding="UTF-8"?>
<!-- Generated by org.testng.reporters.JUnitXMLReporter -->
<testsuite ignored="12" hostname="DESKTOP-7IDTCRC" failures="0" tests="1" name="Default test(failed)" time="9.074" errors="0" timestamp="2022-02-25T00:56:21 EST">
  <testcase classname="com.SalesForceRegistrationTest.RegistrationTest" name="RegistrationTest1" time="5.433"/>
  <testcase classname="com.SalesForceRegistrationTest.RegistrationTest" name="tryFreeButton" time="0.0">
    <ignored/>
  </testcase> <!-- tryFreeButton -->
  <testcase classname="com.SalesForceRegistrationTest.RegistrationTest" name="employeeEmail" time="0.0">
    <ignored/>
  </testcase> <!-- employeeEmail -->
  <testcase classname="com.SalesForceRegistrationTest.RegistrationTest" name="chooseCountryDropDpwn" time="0.0">
    <ignored/>
  </testcase> <!-- chooseCountryDropDpwn -->
  <testcase classname="com.SalesForceRegistrationTest.RegistrationTest" name="companyEmployeeDropDown" time="0.0">
    <ignored/>
  </testcase> <!-- companyEmployeeDropDown -->
  <testcase classname="com.SalesForceRegistrationTest.RegistrationTest" name="firstName" time="0.0">
    <ignored/>
  </testcase> <!-- firstName -->
  <testcase classname="com.SalesForceRegistrationTest.RegistrationTest" name="chooseEmployeeDropDown" time="0.0">
    <ignored/>
  </testcase> <!-- chooseEmployeeDropDown -->
  <testcase classname="com.SalesForceRegistrationTest.RegistrationTest" name="phoneNumber" time="0.0">
    <ignored/>
  </testcase> <!-- phoneNumber -->
  <testcase classname="com.SalesForceRegistrationTest.RegistrationTest" name="jobName" time="0.0">
    <ignored/>
  </testcase> <!-- jobName -->
  <testcase classname="com.SalesForceRegistrationTest.RegistrationTest" name="companyCountryDropDpwn" time="0.0">
    <ignored/>
  </testcase> <!-- companyCountryDropDpwn -->
  <testcase classname="com.SalesForceRegistrationTest.RegistrationTest" name="companyAgreement" time="0.0">
    <ignored/>
  </testcase> <!-- companyAgreement -->
  <testcase classname="com.SalesForceRegistrationTest.RegistrationTest" name="lastName" time="0.0">
    <ignored/>
  </testcase> <!-- lastName -->
  <testcase classname="com.SalesForceRegistrationTest.RegistrationTest" name="companyName" time="0.0">
    <ignored/>
  </testcase> <!-- companyName -->
</testsuite> <!-- Default test(failed) -->
