<?xml version="1.0" encoding="UTF-8"?>
<!-- Generated by org.testng.reporters.JUnitXMLReporter -->
<testsuite ignored="0" hostname="DESKTOP-7IDTCRC" failures="0" tests="4" name="Default test" time="6.976" errors="0" timestamp="2022-02-20T18:14:08 EST">
  <testcase classname="com.SalesForceLoginTests.NegativeLoginTest" name="getTitleTest" time="0.022"/>
  <testcase classname="com.SalesForceLoginTests.NegativeLoginTest" name="userNameButton" time="0.547"/>
  <testcase classname="com.SalesForceLoginTests.NegativeLoginTest" name="passwordButton" time="0.156"/>
  <testcase classname="com.SalesForceLoginTests.NegativeLoginTest" name="signinButton" time="0.266"/>
</testsuite> <!-- Default test -->
