<?xml version="1.0" encoding="UTF-8"?>
<!-- Generated by org.testng.reporters.JUnitXMLReporter -->
<testsuite ignored="0" hostname="DESKTOP-7IDTCRC" failures="0" tests="7" name="Test" time="16.183" errors="0" timestamp="2022-02-22T20:14:44 EST">
  <testcase classname="com.SalesForceLoginTests.NegativeLoginTest" name="getTitleTest" time="0.051"/>
  <testcase classname="com.SalesForceLoginTests.NegativeLoginTest" name="userNameButton" time="0.55"/>
  <testcase classname="com.SalesForceLoginTests.NegativeLoginTest" name="passwordButton" time="0.177"/>
  <testcase classname="com.SalesForceLoginTests.NegativeLoginTest" name="signinButton" time="0.323"/>
  <testcase classname="com.SalesForceLoginTests.NegativeLoginTest" name="loginTest" time="1.517"/>
  <testcase classname="com.SalesForceRegistrationTest.RegistrationTest" name="getRegistrationTest" time="0.002"/>
  <testcase classname="com.SalesForce.DummyClass" name="loginTest" time="0.005"/>
</testsuite> <!-- Test -->
