<?xml version="1.0" encoding="UTF-8"?>
<!-- Generated by org.testng.reporters.JUnitXMLReporter -->
<testsuite ignored="1" hostname="DESKTOP-7IDTCRC" failures="0" tests="12" name="Test two" time="7.369" errors="0" timestamp="2022-02-25T23:43:32 EST">
  <testcase classname="com.SalesForceRegistrationTest.RegistrationTest" name="tryFreeButton" time="0.546"/>
  <testcase classname="com.SalesForceRegistrationTest.RegistrationTest" name="firstName" time="1.415"/>
  <testcase classname="com.SalesForceRegistrationTest.RegistrationTest" name="lastName" time="0.859"/>
  <testcase classname="com.SalesForceRegistrationTest.RegistrationTest" name="jobName" time="0.903"/>
  <testcase classname="com.SalesForceRegistrationTest.RegistrationTest" name="employeeEmail" time="0.27"/>
  <testcase classname="com.SalesForceRegistrationTest.RegistrationTest" name="phoneNumber" time="0.287"/>
  <testcase classname="com.SalesForceRegistrationTest.RegistrationTest" name="companyEmployeeDropDown" time="0.255"/>
  <testcase classname="com.SalesForceRegistrationTest.RegistrationTest" name="chooseEmployeeDropDown" time="0.161"/>
  <testcase classname="com.SalesForceRegistrationTest.RegistrationTest" name="companyName" time="0.179"/>
  <testcase classname="com.SalesForceRegistrationTest.RegistrationTest" name="companyCountryDropDpwn" time="0.179"/>
  <testcase classname="com.SalesForceRegistrationTest.RegistrationTest" name="chooseCountryDropDpwn" time="0.091"/>
  <testcase classname="com.SalesForceRegistrationTest.RegistrationTest" name="companyAgreement" time="0.112"/>
  <testcase classname="com.SalesForceRegistrationTest.RegistrationTest" name="RegistrationTest1" time="0.0">
    <ignored/>
  </testcase> <!-- RegistrationTest1 -->
</testsuite> <!-- Test two -->
