<?xml version="1.0" encoding="UTF-8"?>
<!-- Generated by org.testng.reporters.JUnitXMLReporter -->
<testsuite ignored="18" hostname="DESKTOP-7IDTCRC" failures="0" tests="2" name="Test" time="23.471" errors="0" timestamp="2022-02-25T23:42:34 EST">
  <testcase classname="com.SalesForceRegistrationTest.RegistrationTest" name="RegistrationTest1" time="8.752"/>
  <testcase classname="com.SalesForceLoginTests.NegativeLoginTest" name="loginTest" time="0.952"/>
  <testcase classname="com.SalesForceRegistrationTest.RegistrationTest" name="tryFreeButton" time="0.0">
    <ignored/>
  </testcase> <!-- tryFreeButton -->
  <testcase classname="com.SalesForceRegistrationTest.RegistrationTest" name="employeeEmail" time="0.0">
    <ignored/>
  </testcase> <!-- employeeEmail -->
  <testcase classname="com.SalesForceLoginTests.NegativeLoginTest" name="userNameButton" time="0.0">
    <ignored/>
  </testcase> <!-- userNameButton -->
  <testcase classname="com.SalesForceRegistrationTest.RegistrationTest" name="companyEmployeeDropDown" time="0.0">
    <ignored/>
  </testcase> <!-- companyEmployeeDropDown -->
  <testcase classname="com.SalesForceLoginTests.NegativeLoginTest" name="getTitleTest" time="0.0">
    <ignored/>
  </testcase> <!-- getTitleTest -->
  <testcase classname="com.SalesForceRegistrationTest.RegistrationTest" name="jobName" time="0.0">
    <ignored/>
  </testcase> <!-- jobName -->
  <testcase classname="com.SalesForceRegistrationTest.RegistrationTest" name="companyAgreement" time="0.0">
    <ignored/>
  </testcase> <!-- companyAgreement -->
  <testcase classname="com.SalesForceRegistrationTest.RegistrationTest" name="lastName" time="0.0">
    <ignored/>
  </testcase> <!-- lastName -->
  <testcase classname="com.SalesForceRegistrationTest.RegistrationTest" name="companyName" time="0.0">
    <ignored/>
  </testcase> <!-- companyName -->
  <testcase classname="com.SalesForceLoginTests.NegativeLoginTest" name="homePage" time="0.0">
    <ignored/>
  </testcase> <!-- homePage -->
  <testcase classname="com.SalesForceLoginTests.NegativeLoginTest" name="passwordButton" time="0.0">
    <ignored/>
  </testcase> <!-- passwordButton -->
  <testcase classname="com.SalesForceRegistrationTest.RegistrationTest" name="chooseCountryDropDpwn" time="0.0">
    <ignored/>
  </testcase> <!-- chooseCountryDropDpwn -->
  <testcase classname="com.SalesForce.DummyClass" name="loginTest" time="0.0">
    <ignored/>
  </testcase> <!-- loginTest -->
  <testcase classname="com.SalesForceLoginTests.NegativeLoginTest" name="signinButton" time="0.0">
    <ignored/>
  </testcase> <!-- signinButton -->
  <testcase classname="com.SalesForceRegistrationTest.RegistrationTest" name="firstName" time="0.0">
    <ignored/>
  </testcase> <!-- firstName -->
  <testcase classname="com.SalesForceRegistrationTest.RegistrationTest" name="chooseEmployeeDropDown" time="0.0">
    <ignored/>
  </testcase> <!-- chooseEmployeeDropDown -->
  <testcase classname="com.SalesForceRegistrationTest.RegistrationTest" name="phoneNumber" time="0.0">
    <ignored/>
  </testcase> <!-- phoneNumber -->
  <testcase classname="com.SalesForceRegistrationTest.RegistrationTest" name="companyCountryDropDpwn" time="0.0">
    <ignored/>
  </testcase> <!-- companyCountryDropDpwn -->
</testsuite> <!-- Test -->
